2016-02-09 18:35:07,883 INFO  [org.jboss.modules] (main) JBoss Modules version 1.5.1.Final
2016-02-09 18:35:08,567 INFO  [org.jboss.msc] (main) JBoss MSC version 1.2.6.Final
2016-02-09 18:35:08,677 INFO  [org.jboss.as] (MSC service thread 1-8) WFLYSRV0049: WildFly Full 10.0.0.Final (WildFly Core 2.0.10.Final) starting
2016-02-09 18:35:08,679 DEBUG [org.jboss.as.config] (MSC service thread 1-8) Configured system properties:
	awt.toolkit = sun.awt.X11.XToolkit
	file.encoding = UTF-8
	file.encoding.pkg = sun.io
	file.separator = /
	java.awt.graphicsenv = sun.awt.X11GraphicsEnvironment
	java.awt.printerjob = sun.print.PSPrinterJob
	java.class.path = /home/adriano/Development/workspace/eclipse_projects/ticket-agency-cdi/target/wildfly-run/wildfly-10.0.0.Final/jboss-modules.jar
	java.class.version = 52.0
	java.endorsed.dirs = /usr/lib/jvm/java-8-oracle/jre/lib/endorsed
	java.ext.dirs = /usr/lib/jvm/java-8-oracle/jre/lib/ext:/usr/java/packages/lib/ext
	java.home = /usr/lib/jvm/java-8-oracle/jre
	java.io.tmpdir = /tmp
	java.library.path = /usr/java/packages/lib/amd64:/usr/lib64:/lib64:/lib:/usr/lib
	java.net.preferIPv4Stack = true
	java.runtime.name = Java(TM) SE Runtime Environment
	java.runtime.version = 1.8.0_72-b15
	java.specification.name = Java Platform API Specification
	java.specification.vendor = Oracle Corporation
	java.specification.version = 1.8
	java.util.logging.manager = org.jboss.logmanager.LogManager
	java.vendor = Oracle Corporation
	java.vendor.url = http://java.oracle.com/
	java.vendor.url.bug = http://bugreport.sun.com/bugreport/
	java.version = 1.8.0_72
	java.vm.info = mixed mode
	java.vm.name = Java HotSpot(TM) 64-Bit Server VM
	java.vm.specification.name = Java Virtual Machine Specification
	java.vm.specification.vendor = Oracle Corporation
	java.vm.specification.version = 1.8
	java.vm.vendor = Oracle Corporation
	java.vm.version = 25.72-b15
	javax.management.builder.initial = org.jboss.as.jmx.PluggableMBeanServerBuilder
	javax.xml.datatype.DatatypeFactory = __redirected.__DatatypeFactory
	javax.xml.parsers.DocumentBuilderFactory = __redirected.__DocumentBuilderFactory
	javax.xml.parsers.SAXParserFactory = __redirected.__SAXParserFactory
	javax.xml.stream.XMLEventFactory = __redirected.__XMLEventFactory
	javax.xml.stream.XMLInputFactory = __redirected.__XMLInputFactory
	javax.xml.stream.XMLOutputFactory = __redirected.__XMLOutputFactory
	javax.xml.transform.TransformerFactory = __redirected.__TransformerFactory
	javax.xml.validation.SchemaFactory:http://www.w3.org/2001/XMLSchema = __redirected.__SchemaFactory
	javax.xml.xpath.XPathFactory:http://java.sun.com/jaxp/xpath/dom = __redirected.__XPathFactory
	jboss.home.dir = /home/adriano/Development/workspace/eclipse_projects/ticket-agency-cdi/target/wildfly-run/wildfly-10.0.0.Final
	jboss.host.name = adriano-n450-s-be77p1
	jboss.modules.dir = /home/adriano/Development/workspace/eclipse_projects/ticket-agency-cdi/target/wildfly-run/wildfly-10.0.0.Final/modules
	jboss.node.name = adriano-n450-s-be77p1
	jboss.qualified.host.name = adriano-n450-s-be77p1
	jboss.server.base.dir = /home/adriano/Development/workspace/eclipse_projects/ticket-agency-cdi/target/wildfly-run/wildfly-10.0.0.Final/standalone
	jboss.server.config.dir = /home/adriano/Development/workspace/eclipse_projects/ticket-agency-cdi/target/wildfly-run/wildfly-10.0.0.Final/standalone/configuration
	jboss.server.data.dir = /home/adriano/Development/workspace/eclipse_projects/ticket-agency-cdi/target/wildfly-run/wildfly-10.0.0.Final/standalone/data
	jboss.server.deploy.dir = /home/adriano/Development/workspace/eclipse_projects/ticket-agency-cdi/target/wildfly-run/wildfly-10.0.0.Final/standalone/data/content
	jboss.server.log.dir = /home/adriano/Development/workspace/eclipse_projects/ticket-agency-cdi/target/wildfly-run/wildfly-10.0.0.Final/standalone/log
	jboss.server.name = adriano-n450-s-be77p1
	jboss.server.persist.config = true
	jboss.server.temp.dir = /home/adriano/Development/workspace/eclipse_projects/ticket-agency-cdi/target/wildfly-run/wildfly-10.0.0.Final/standalone/tmp
	line.separator = 

	logging.configuration = file:/home/adriano/Development/workspace/eclipse_projects/ticket-agency-cdi/target/wildfly-run/wildfly-10.0.0.Final/standalone/configuration/logging.properties
	module.path = /home/adriano/Development/workspace/eclipse_projects/ticket-agency-cdi/target/wildfly-run/wildfly-10.0.0.Final/modules
	org.jboss.boot.log.file = /home/adriano/Development/workspace/eclipse_projects/ticket-agency-cdi/target/wildfly-run/wildfly-10.0.0.Final/standalone/log/server.log
	org.jboss.resolver.warning = true
	org.xml.sax.driver = __redirected.__XMLReaderFactory
	os.arch = amd64
	os.name = Linux
	os.version = 3.13.0-37-generic
	path.separator = :
	sun.arch.data.model = 64
	sun.boot.class.path = /usr/lib/jvm/java-8-oracle/jre/lib/resources.jar:/usr/lib/jvm/java-8-oracle/jre/lib/rt.jar:/usr/lib/jvm/java-8-oracle/jre/lib/sunrsasign.jar:/usr/lib/jvm/java-8-oracle/jre/lib/jsse.jar:/usr/lib/jvm/java-8-oracle/jre/lib/jce.jar:/usr/lib/jvm/java-8-oracle/jre/lib/charsets.jar:/usr/lib/jvm/java-8-oracle/jre/lib/jfr.jar:/usr/lib/jvm/java-8-oracle/jre/classes
	sun.boot.library.path = /usr/lib/jvm/java-8-oracle/jre/lib/amd64
	sun.cpu.endian = little
	sun.cpu.isalist = 
	sun.desktop = gnome
	sun.io.unicode.encoding = UnicodeLittle
	sun.java.command = /home/adriano/Development/workspace/eclipse_projects/ticket-agency-cdi/target/wildfly-run/wildfly-10.0.0.Final/jboss-modules.jar -mp /home/adriano/Development/workspace/eclipse_projects/ticket-agency-cdi/target/wildfly-run/wildfly-10.0.0.Final/modules org.jboss.as.standalone -Djboss.home.dir=/home/adriano/Development/workspace/eclipse_projects/ticket-agency-cdi/target/wildfly-run/wildfly-10.0.0.Final
	sun.java.launcher = SUN_STANDARD
	sun.jnu.encoding = UTF-8
	sun.management.compiler = HotSpot 64-Bit Tiered Compilers
	sun.os.patch.level = unknown
	user.country = CA
	user.dir = /home/adriano/Development/workspace/eclipse_projects/ticket-agency-cdi
	user.home = /home/adriano
	user.language = en
	user.name = adriano
	user.timezone = America/Sao_Paulo
2016-02-09 18:35:08,680 DEBUG [org.jboss.as.config] (MSC service thread 1-8) VM Arguments: -Xms64m -Xmx512m -XX:MaxPermSize=256m -Djava.net.preferIPv4Stack=true -Dorg.jboss.boot.log.file=/home/adriano/Development/workspace/eclipse_projects/ticket-agency-cdi/target/wildfly-run/wildfly-10.0.0.Final/standalone/log/server.log -Dlogging.configuration=file:/home/adriano/Development/workspace/eclipse_projects/ticket-agency-cdi/target/wildfly-run/wildfly-10.0.0.Final/standalone/configuration/logging.properties 
2016-02-09 18:35:09,961 INFO  [org.jboss.as.server] (Controller Boot Thread) WFLYSRV0039: Creating http management service using socket-binding (management-http)
2016-02-09 18:35:09,980 INFO  [org.xnio] (MSC service thread 1-7) XNIO version 3.3.4.Final
2016-02-09 18:35:09,988 INFO  [org.xnio.nio] (MSC service thread 1-7) XNIO NIO Implementation Version 3.3.4.Final
2016-02-09 18:35:10,043 INFO  [org.jboss.remoting] (MSC service thread 1-1) JBoss Remoting version 4.0.18.Final
2016-02-09 18:35:10,080 INFO  [org.jboss.as.connector.subsystems.datasources] (ServerService Thread Pool -- 33) WFLYJCA0004: Deploying JDBC-compliant driver class org.h2.Driver (version 1.3)
2016-02-09 18:35:10,114 INFO  [org.jboss.as.clustering.infinispan] (ServerService Thread Pool -- 38) WFLYCLINF0001: Activating Infinispan subsystem.
2016-02-09 18:35:10,141 INFO  [org.wildfly.extension.io] (ServerService Thread Pool -- 37) WFLYIO001: Worker 'default' has auto-configured to 16 core threads with 128 task threads based on your 8 available processors
2016-02-09 18:35:10,200 WARN  [org.jboss.as.txn] (ServerService Thread Pool -- 54) WFLYTX0013: Node identifier property is set to the default value. Please make sure it is unique.
2016-02-09 18:35:10,237 INFO  [org.jboss.as.webservices] (ServerService Thread Pool -- 56) WFLYWS0002: Activating WebServices Extension
2016-02-09 18:35:10,237 INFO  [org.jboss.as.jsf] (ServerService Thread Pool -- 44) WFLYJSF0007: Activated the following JSF Implementations: [main]
2016-02-09 18:35:10,258 INFO  [org.jboss.as.naming] (ServerService Thread Pool -- 46) WFLYNAM0001: Activating Naming Subsystem
2016-02-09 18:35:10,271 INFO  [org.jboss.as.security] (ServerService Thread Pool -- 53) WFLYSEC0002: Activating Security Subsystem
2016-02-09 18:35:10,283 INFO  [org.jboss.as.connector] (MSC service thread 1-8) WFLYJCA0009: Starting JCA Subsystem (WildFly/IronJacamar 1.3.2.Final)
2016-02-09 18:35:10,291 INFO  [org.jboss.as.security] (MSC service thread 1-3) WFLYSEC0001: Current PicketBox version=4.9.4.Final
2016-02-09 18:35:10,302 INFO  [org.jboss.as.connector.deployers.jdbc] (MSC service thread 1-5) WFLYJCA0018: Started Driver service with driver-name = h2
2016-02-09 18:35:10,523 INFO  [org.jboss.as.naming] (MSC service thread 1-2) WFLYNAM0003: Starting Naming Service
2016-02-09 18:35:10,523 INFO  [org.jboss.as.mail.extension] (MSC service thread 1-5) WFLYMAIL0001: Bound mail session [java:jboss/mail/Default]
2016-02-09 18:35:10,527 INFO  [org.wildfly.extension.undertow] (MSC service thread 1-1) WFLYUT0003: Undertow 1.3.15.Final starting
2016-02-09 18:35:10,526 INFO  [org.wildfly.extension.undertow] (ServerService Thread Pool -- 55) WFLYUT0003: Undertow 1.3.15.Final starting
2016-02-09 18:35:10,721 INFO  [org.wildfly.extension.undertow] (ServerService Thread Pool -- 55) WFLYUT0014: Creating file handler for path '/home/adriano/Development/workspace/eclipse_projects/ticket-agency-cdi/target/wildfly-run/wildfly-10.0.0.Final/welcome-content' with options [directory-listing: 'false', follow-symlink: 'false', case-sensitive: 'true', safe-symlink-paths: '[]']
2016-02-09 18:35:10,733 INFO  [org.wildfly.extension.undertow] (MSC service thread 1-5) WFLYUT0012: Started server default-server.
2016-02-09 18:35:10,735 INFO  [org.wildfly.extension.undertow] (MSC service thread 1-5) WFLYUT0018: Host default-host starting
2016-02-09 18:35:10,840 ERROR [org.jboss.msc.service.fail] (MSC service thread 1-5) MSC000001: Failed to start service jboss.undertow.listener.default: org.jboss.msc.service.StartException in service jboss.undertow.listener.default: Could not start http listener
	at org.wildfly.extension.undertow.ListenerService.start(ListenerService.java:142)
	at org.jboss.msc.service.ServiceControllerImpl$StartTask.startService(ServiceControllerImpl.java:1948)
	at org.jboss.msc.service.ServiceControllerImpl$StartTask.run(ServiceControllerImpl.java:1881)
	at java.util.concurrent.ThreadPoolExecutor.runWorker(ThreadPoolExecutor.java:1142)
	at java.util.concurrent.ThreadPoolExecutor$Worker.run(ThreadPoolExecutor.java:617)
	at java.lang.Thread.run(Thread.java:745)
Caused by: java.net.BindException: Address already in use
	at sun.nio.ch.Net.bind0(Native Method)
	at sun.nio.ch.Net.bind(Net.java:433)
	at sun.nio.ch.Net.bind(Net.java:425)
	at sun.nio.ch.ServerSocketChannelImpl.bind(ServerSocketChannelImpl.java:223)
	at sun.nio.ch.ServerSocketAdaptor.bind(ServerSocketAdaptor.java:74)
	at org.xnio.nio.NioXnioWorker.createTcpConnectionServer(NioXnioWorker.java:190)
	at org.xnio.XnioWorker.createStreamConnectionServer(XnioWorker.java:243)
	at org.wildfly.extension.undertow.HttpListenerService.startListening(HttpListenerService.java:126)
	at org.wildfly.extension.undertow.ListenerService.start(ListenerService.java:138)
	... 5 more

2016-02-09 18:35:10,914 INFO  [org.jboss.as.ejb3] (MSC service thread 1-8) WFLYEJB0482: Strict pool mdb-strict-max-pool is using a max instance size of 32 (per class), which is derived from the number of CPUs on this host.
2016-02-09 18:35:10,915 INFO  [org.jboss.as.ejb3] (MSC service thread 1-3) WFLYEJB0481: Strict pool slsb-strict-max-pool is using a max instance size of 128 (per class), which is derived from thread worker pool sizing.
2016-02-09 18:35:11,153 INFO  [org.jboss.as.connector.subsystems.datasources] (MSC service thread 1-5) WFLYJCA0001: Bound data source [java:jboss/datasources/ExampleDS]
2016-02-09 18:35:11,327 INFO  [org.jboss.as.server.deployment.scanner] (MSC service thread 1-2) WFLYDS0013: Started FileSystemDeploymentService for directory /home/adriano/Development/workspace/eclipse_projects/ticket-agency-cdi/target/wildfly-run/wildfly-10.0.0.Final/standalone/deployments
2016-02-09 18:35:11,438 ERROR [org.jboss.msc.service.fail] (MSC service thread 1-3) MSC000001: Failed to start service jboss.serverManagement.controller.management.http: org.jboss.msc.service.StartException in service jboss.serverManagement.controller.management.http: WFLYSRV0083: Failed to start the http-interface service
	at org.jboss.as.server.mgmt.UndertowHttpManagementService.start(UndertowHttpManagementService.java:271)
	at org.jboss.msc.service.ServiceControllerImpl$StartTask.startService(ServiceControllerImpl.java:1948)
	at org.jboss.msc.service.ServiceControllerImpl$StartTask.run(ServiceControllerImpl.java:1881)
	at java.util.concurrent.ThreadPoolExecutor.runWorker(ThreadPoolExecutor.java:1142)
	at java.util.concurrent.ThreadPoolExecutor$Worker.run(ThreadPoolExecutor.java:617)
	at java.lang.Thread.run(Thread.java:745)
Caused by: java.lang.RuntimeException: java.net.BindException: Address already in use
	at org.jboss.as.domain.http.server.ManagementHttpServer.start(ManagementHttpServer.java:157)
	at org.jboss.as.server.mgmt.UndertowHttpManagementService.start(UndertowHttpManagementService.java:237)
	... 5 more
Caused by: java.net.BindException: Address already in use
	at sun.nio.ch.Net.bind0(Native Method)
	at sun.nio.ch.Net.bind(Net.java:433)
	at sun.nio.ch.Net.bind(Net.java:425)
	at sun.nio.ch.ServerSocketChannelImpl.bind(ServerSocketChannelImpl.java:223)
	at sun.nio.ch.ServerSocketAdaptor.bind(ServerSocketAdaptor.java:74)
	at sun.nio.ch.ServerSocketAdaptor.bind(ServerSocketAdaptor.java:67)
	at org.xnio.nio.NioXnioWorker.createTcpConnectionServer(NioXnioWorker.java:192)
	at org.xnio.XnioWorker.createStreamConnectionServer(XnioWorker.java:243)
	at org.jboss.as.domain.http.server.ManagementHttpServer.start(ManagementHttpServer.java:144)
	... 6 more

2016-02-09 18:35:11,507 INFO  [org.infinispan.factories.GlobalComponentRegistry] (MSC service thread 1-6) ISPN000128: Infinispan version: Infinispan 'Mahou' 8.1.0.Final
2016-02-09 18:35:11,519 ERROR [org.jboss.as.controller.management-operation] (Controller Boot Thread) WFLYCTL0013: Operation ("add") failed - address: ([
    ("core-service" => "management"),
    ("management-interface" => "http-interface")
]) - failure description: {
    "WFLYCTL0080: Failed services" => {"jboss.serverManagement.controller.management.http" => "org.jboss.msc.service.StartException in service jboss.serverManagement.controller.management.http: WFLYSRV0083: Failed to start the http-interface service
    Caused by: java.lang.RuntimeException: java.net.BindException: Address already in use
    Caused by: java.net.BindException: Address already in use"},
    "WFLYCTL0288: One or more services were unable to start due to one or more indirect dependencies not being available." => {
        "Services that were unable to start:" => ["jboss.serverManagement.controller.management.http.shutdown"],
        "Services that may be the cause:" => ["jboss.remoting.remotingConnectorInfoService.http-remoting-connector"]
    }
}
2016-02-09 18:35:11,523 ERROR [org.jboss.as.controller.management-operation] (Controller Boot Thread) WFLYCTL0013: Operation ("add") failed - address: ([("subsystem" => "webservices")]) - failure description: {"WFLYCTL0288: One or more services were unable to start due to one or more indirect dependencies not being available." => {
    "Services that were unable to start:" => ["jboss.ws.config"],
    "Services that may be the cause:" => ["jboss.remoting.remotingConnectorInfoService.http-remoting-connector"]
}}
2016-02-09 18:35:11,524 ERROR [org.jboss.as.controller.management-operation] (Controller Boot Thread) WFLYCTL0013: Operation ("add") failed - address: ([
    ("subsystem" => "undertow"),
    ("server" => "default-server"),
    ("http-listener" => "default")
]) - failure description: {"WFLYCTL0080: Failed services" => {"jboss.undertow.listener.default" => "org.jboss.msc.service.StartException in service jboss.undertow.listener.default: Could not start http listener
    Caused by: java.net.BindException: Address already in use"}}
2016-02-09 18:35:11,528 ERROR [org.jboss.as.controller.management-operation] (Controller Boot Thread) WFLYCTL0013: Operation ("add") failed - address: ([("subsystem" => "ejb3")]) - failure description: {"WFLYCTL0288: One or more services were unable to start due to one or more indirect dependencies not being available." => {
    "Services that were unable to start:" => [
        "jboss.ejb.default-local-ejb-receiver-service",
        "jboss.ejb3.ejbClientContext.default",
        "jboss.ejb3.localEjbReceiver.value"
    ],
    "Services that may be the cause:" => ["jboss.remoting.remotingConnectorInfoService.http-remoting-connector"]
}}
2016-02-09 18:35:11,535 ERROR [org.jboss.as.controller.management-operation] (Controller Boot Thread) WFLYCTL0013: Operation ("add") failed - address: ([
    ("subsystem" => "ejb3"),
    ("service" => "remote")
]) - failure description: {"WFLYCTL0180: Services with missing/unavailable dependencies" => ["jboss.ejb3.connector is missing [jboss.remoting.remotingConnectorInfoService.http-remoting-connector]"]}
2016-02-09 18:35:11,585 INFO  [org.jboss.as.controller] (Controller Boot Thread) WFLYCTL0183: Service status report
WFLYCTL0184:    New missing/unsatisfied dependencies:
      service jboss.remoting.remotingConnectorInfoService.http-remoting-connector (missing) dependents: [service jboss.ejb3.connector] 
WFLYCTL0186:   Services which failed to start:      service jboss.undertow.listener.default: org.jboss.msc.service.StartException in service jboss.undertow.listener.default: Could not start http listener
      service jboss.serverManagement.controller.management.http: org.jboss.msc.service.StartException in service jboss.serverManagement.controller.management.http: WFLYSRV0083: Failed to start the http-interface service

2016-02-09 18:35:11,792 INFO  [org.jboss.as] (Controller Boot Thread) WFLYSRV0063: Http management interface is not enabled
2016-02-09 18:35:11,793 INFO  [org.jboss.as] (Controller Boot Thread) WFLYSRV0054: Admin console is not enabled
2016-02-09 18:35:11,793 ERROR [org.jboss.as] (Controller Boot Thread) WFLYSRV0026: WildFly Full 10.0.0.Final (WildFly Core 2.0.10.Final) started (with errors) in 4328ms - Started 250 of 549 services (8 services failed or missing dependencies, 371 services are lazy, passive or on-demand)
2016-02-09 18:35:21,006 INFO  [org.jboss.as.server] (Thread-2) WFLYSRV0220: Server shutdown has been requested.
2016-02-09 18:35:21,023 INFO  [org.jboss.as.connector.subsystems.datasources] (MSC service thread 1-2) WFLYJCA0010: Unbound data source [java:jboss/datasources/ExampleDS]
2016-02-09 18:35:21,028 INFO  [org.wildfly.extension.undertow] (MSC service thread 1-2) WFLYUT0019: Host default-host stopping
2016-02-09 18:35:21,031 INFO  [org.jboss.as.connector.deployers.jdbc] (MSC service thread 1-3) WFLYJCA0019: Stopped Driver service with driver-name = h2
2016-02-09 18:35:21,033 INFO  [org.wildfly.extension.undertow] (MSC service thread 1-6) WFLYUT0004: Undertow 1.3.15.Final stopping
2016-02-09 18:35:21,051 INFO  [org.jboss.as] (MSC service thread 1-1) WFLYSRV0050: WildFly Full 10.0.0.Final (WildFly Core 2.0.10.Final) stopped in 22ms
